<?xml version="1.0" encoding="UTF-8"?>
<!-- Generated by org.testng.reporters.JUnitReportReporter -->
<testsuite skipped="0" hostname="Admin-PC" name="DemoTesting" tests="4" failures="0" timestamp="2020-01-07T14:17:35 IST" time="0.048" errors="0">
  <testcase name="Demo" time="0.016" classname="DemoTesting"/>
  <testcase name="demo3" time="0.000" classname="DemoTesting"/>
  <testcase name="Demo2" time="0.000" classname="DemoTesting"/>
  <testcase name="Demo1" time="0.032" classname="DemoTesting"/>
</testsuite> <!-- DemoTesting -->
