<?xml version="1.0" encoding="UTF-8"?>
<!-- Generated by org.testng.reporters.JUnitReportReporter -->
<testsuite skipped="0" hostname="Admin-PC" name="TestNgBluestonehome5" tests="1" failures="0" timestamp="2020-01-07T09:38:15 IST" time="66.978" errors="0">
  <testcase name="Demo" time="66.978" classname="TestNgBluestonehome5"/>
</testsuite> <!-- TestNgBluestonehome5 -->
