<?xml version="1.0" encoding="UTF-8"?>
<!-- Generated by org.testng.reporters.JUnitReportReporter -->
<testsuite skipped="0" hostname="Admin-PC" name="ProrityTestingGroup" tests="5" failures="0" timestamp="2020-01-07T14:01:12 IST" time="0.047" errors="0">
  <testcase name="Demo1" time="0.000" classname="ProrityTestingGroup"/>
  <testcase name="Demo3" time="0.000" classname="ProrityTestingGroup"/>
  <testcase name="Demo2" time="0.031" classname="ProrityTestingGroup"/>
  <testcase name="Demo4" time="0.000" classname="ProrityTestingGroup"/>
  <testcase name="Demo" time="0.016" classname="ProrityTestingGroup"/>
</testsuite> <!-- ProrityTestingGroup -->
