<?xml version="1.0" encoding="UTF-8"?>
<!-- Generated by org.testng.reporters.JUnitReportReporter -->
<testsuite skipped="0" hostname="Admin-PC" name="Testdatap" tests="2" failures="0" timestamp="2020-01-09T14:19:52 IST" time="0.031" errors="0">
  <testcase name="test" time="0.031" classname="Testdatap"/>
  <testcase name="test" time="0.000" classname="Testdatap"/>
</testsuite> <!-- Testdatap -->
