<?xml version="1.0" encoding="UTF-8"?>
<!-- Generated by org.testng.reporters.JUnitReportReporter -->
<testsuite skipped="0" hostname="Admin-PC" name="TestNgbeforeafter" tests="2" failures="0" timestamp="2020-01-06T14:28:15 IST" time="64.351" errors="0">
  <testcase name="demo" time="36.467" classname="TestNgbeforeafter"/>
  <testcase name="demo1" time="27.884" classname="TestNgbeforeafter"/>
</testsuite> <!-- TestNgbeforeafter -->
