<?xml version="1.0" encoding="UTF-8"?>
<!-- Generated by org.testng.reporters.JUnitReportReporter -->
<testsuite skipped="0" hostname="Admin-PC" name="TestNgBluestone" tests="1" failures="0" timestamp="2020-01-06T13:17:44 IST" time="55.491" errors="0">
  <testcase name="Demo" time="55.491" classname="TestNgBluestone"/>
</testsuite> <!-- TestNgBluestone -->
