<?xml version="1.0" encoding="UTF-8"?>
<!-- Generated by org.testng.reporters.JUnitReportReporter -->
<testsuite skipped="0" hostname="Admin-PC" name="TestNgDemo" tests="1" failures="0" timestamp="2020-01-03T15:09:11 IST" time="13.312" errors="0">
  <testcase name="demo" time="13.312" classname="TestNgDemo"/>
</testsuite> <!-- TestNgDemo -->
