<?xml version="1.0" encoding="UTF-8"?>
<!-- Generated by org.testng.reporters.JUnitReportReporter -->
<testsuite skipped="0" hostname="Admin-PC" name="Demo2Testing" tests="2" failures="0" timestamp="2020-01-07T15:34:28 IST" time="0.047" errors="0">
  <testcase name="Demo" time="0.031" classname="Demo2Testing"/>
  <testcase name="Demo1" time="0.016" classname="Demo2Testing"/>
</testsuite> <!-- Demo2Testing -->
