<?xml version="1.0" encoding="UTF-8"?>
<!-- Generated by org.testng.reporters.JUnitReportReporter -->
<testsuite skipped="0" hostname="Admin-PC" name="TestNgBluestonehome3" tests="1" failures="0" timestamp="2020-01-07T08:59:56 IST" time="25.863" errors="0">
  <testcase name="Demo" time="25.863" classname="TestNgBluestonehome3"/>
</testsuite> <!-- TestNgBluestonehome3 -->
