<?xml version="1.0" encoding="UTF-8"?>
<!-- Generated by org.testng.reporters.JUnitReportReporter -->
<testsuite skipped="0" hostname="Admin-PC" name="AssertDemo" tests="1" failures="0" timestamp="2020-01-08T14:20:22 IST" time="0.016" errors="0">
  <testcase name="assertDemo" time="0.016" classname="AssertDemo"/>
</testsuite> <!-- AssertDemo -->
