<?xml version="1.0" encoding="UTF-8"?>
<!-- Generated by org.testng.reporters.JUnitReportReporter -->
<testsuite skipped="0" hostname="Admin-PC" name="TestNgBluestonehome6" tests="1" failures="0" timestamp="2020-01-07T09:42:49 IST" time="18.575" errors="0">
  <testcase name="Demo" time="18.575" classname="TestNgBluestonehome6"/>
</testsuite> <!-- TestNgBluestonehome6 -->
